# JRE version: Java(TM) SE Runtime Environment (8.0_281-b09) (build 1.8.0_281-b09)
# Java VM: Java HotSpot(TM) 64-Bit Server VM (25.281-b09 mixed mode windows-amd64 compressed oops)
Heap:
 PSYoungGen      total 340992K, used 87493K [0x00000000d5580000, 0x00000000eec00000, 0x0000000100000000)
  eden space 287232K, 11% used [0x00000000d5580000,0x00000000d76c8ae8,0x00000000e6e00000)
  from space 53760K, 99% used [0x00000000e7680000,0x00000000eaaa8920,0x00000000eab00000)
  to   space 64512K, 0% used [0x00000000ead00000,0x00000000ead00000,0x00000000eec00000)
 ParOldGen       total 291840K, used 94281K [0x0000000080000000, 0x0000000091d00000, 0x00000000d5580000)
  object space 291840K, 32% used [0x0000000080000000,0x0000000085c12738,0x0000000091d00000)
 Metaspace       used 155579K, capacity 162555K, committed 162816K, reserved 1191936K
  class space    used 19415K, capacity 20689K, committed 20736K, reserved 1048576K
GC Heap History (10 events):
Event: 4341.047 GC heap before
{Heap before GC invocations=31 (full 4):
 PSYoungGen      total 379904K, used 367874K [0x00000000d5580000, 0x00000000f0780000, 0x0000000100000000)
  eden space 335872K, 100% used [0x00000000d5580000,0x00000000e9d80000,0x00000000e9d80000)
  from space 44032K, 72% used [0x00000000edc80000,0x00000000efbc0b90,0x00000000f0780000)
  to   space 54272K, 0% used [0x00000000e9d80000,0x00000000e9d80000,0x00000000ed280000)
 ParOldGen       total 291840K, used 88456K [0x0000000080000000, 0x0000000091d00000, 0x00000000d5580000)
  object space 291840K, 30% used [0x0000000080000000,0x0000000085662330,0x0000000091d00000)
 Metaspace       used 136222K, capacity 142937K, committed 143104K, reserved 1173504K
  class space    used 17229K, capacity 18420K, committed 18432K, reserved 1048576K
Event: 4341.081 GC heap after
Heap after GC invocations=31 (full 4):
 PSYoungGen      total 351232K, used 26045K [0x00000000d5580000, 0x00000000ef800000, 0x0000000100000000)
  eden space 325120K, 0% used [0x00000000d5580000,0x00000000d5580000,0x00000000e9300000)
  from space 26112K, 99% used [0x00000000e9d80000,0x00000000eb6ef488,0x00000000eb700000)
  to   space 51712K, 0% used [0x00000000ec580000,0x00000000ec580000,0x00000000ef800000)
 ParOldGen       total 291840K, used 88464K [0x0000000080000000, 0x0000000091d00000, 0x00000000d5580000)
  object space 291840K, 30% used [0x0000000080000000,0x0000000085664330,0x0000000091d00000)
 Metaspace       used 136222K, capacity 142937K, committed 143104K, reserved 1173504K
  class space    used 17229K, capacity 18420K, committed 18432K, reserved 1048576K
}
Event: 4421.356 GC heap before
{Heap before GC invocations=32 (full 4):
 PSYoungGen      total 351232K, used 351165K [0x00000000d5580000, 0x00000000ef800000, 0x0000000100000000)
  eden space 325120K, 100% used [0x00000000d5580000,0x00000000e9300000,0x00000000e9300000)
  from space 26112K, 99% used [0x00000000e9d80000,0x00000000eb6ef488,0x00000000eb700000)
  to   space 51712K, 0% used [0x00000000ec580000,0x00000000ec580000,0x00000000ef800000)
 ParOldGen       total 291840K, used 88464K [0x0000000080000000, 0x0000000091d00000, 0x00000000d5580000)
  object space 291840K, 30% used [0x0000000080000000,0x0000000085664330,0x0000000091d00000)
 Metaspace       used 142885K, capacity 149755K, committed 149760K, reserved 1179648K
  class space    used 17978K, capacity 19197K, committed 19200K, reserved 1048576K
Event: 4421.392 GC heap after
Heap after GC invocations=32 (full 4):
 PSYoungGen      total 351232K, used 24954K [0x00000000d5580000, 0x00000000ee900000, 0x0000000100000000)
  eden space 314880K, 0% used [0x00000000d5580000,0x00000000d5580000,0x00000000e8900000)
  from space 36352K, 68% used [0x00000000ec580000,0x00000000edddeb20,0x00000000ee900000)
  to   space 49152K, 0% used [0x00000000e8900000,0x00000000e8900000,0x00000000eb900000)
 ParOldGen       total 291840K, used 88472K [0x0000000080000000, 0x0000000091d00000, 0x00000000d5580000)
  object space 291840K, 30% used [0x0000000080000000,0x0000000085666330,0x0000000091d00000)
 Metaspace       used 142885K, capacity 149755K, committed 149760K, reserved 1179648K
  class space    used 17978K, capacity 19197K, committed 19200K, reserved 1048576K
}
Event: 4424.388 GC heap before
{Heap before GC invocations=33 (full 4):
 PSYoungGen      total 351232K, used 339834K [0x00000000d5580000, 0x00000000ee900000, 0x0000000100000000)
  eden space 314880K, 100% used [0x00000000d5580000,0x00000000e8900000,0x00000000e8900000)
  from space 36352K, 68% used [0x00000000ec580000,0x00000000edddeb20,0x00000000ee900000)
  to   space 49152K, 0% used [0x00000000e8900000,0x00000000e8900000,0x00000000eb900000)
 ParOldGen       total 291840K, used 88472K [0x0000000080000000, 0x0000000091d00000, 0x00000000d5580000)
  object space 291840K, 30% used [0x0000000080000000,0x0000000085666330,0x0000000091d00000)
 Metaspace       used 149531K, capacity 156491K, committed 156800K, reserved 1185792K
  class space    used 18727K, capacity 19973K, committed 20096K, reserved 1048576K
Event: 4424.423 GC heap after
Heap after GC invocations=33 (full 4):
 PSYoungGen      total 337920K, used 32673K [0x00000000d5580000, 0x00000000ee180000, 0x0000000100000000)
  eden space 305152K, 0% used [0x00000000d5580000,0x00000000d5580000,0x00000000e7f80000)
  from space 32768K, 99% used [0x00000000e8900000,0x00000000ea8e8558,0x00000000ea900000)
  to   space 50176K, 0% used [0x00000000eb080000,0x00000000eb080000,0x00000000ee180000)
 ParOldGen       total 291840K, used 88480K [0x0000000080000000, 0x0000000091d00000, 0x00000000d5580000)
  object space 291840K, 30% used [0x0000000080000000,0x0000000085668330,0x0000000091d00000)
 Metaspace       used 149531K, capacity 156491K, committed 156800K, reserved 1185792K
  class space    used 18727K, capacity 19973K, committed 20096K, reserved 1048576K
}
Event: 12356.770 GC heap before
{Heap before GC invocations=34 (full 4):
 PSYoungGen      total 337920K, used 335624K [0x00000000d5580000, 0x00000000ee180000, 0x0000000100000000)
  eden space 305152K, 99% used [0x00000000d5580000,0x00000000e7d59b28,0x00000000e7f80000)
  from space 32768K, 99% used [0x00000000e8900000,0x00000000ea8e8558,0x00000000ea900000)
  to   space 50176K, 0% used [0x00000000eb080000,0x00000000eb080000,0x00000000ee180000)
 ParOldGen       total 291840K, used 88480K [0x0000000080000000, 0x0000000091d00000, 0x00000000d5580000)
  object space 291840K, 30% used [0x0000000080000000,0x0000000085668330,0x0000000091d00000)
 Metaspace       used 149661K, capacity 156581K, committed 156800K, reserved 1185792K
  class space    used 18729K, capacity 19976K, committed 20096K, reserved 1048576K
Event: 12356.911 GC heap after
Heap after GC invocations=34 (full 4):
 PSYoungGen      total 346112K, used 50147K [0x00000000d5580000, 0x00000000ee780000, 0x0000000100000000)
  eden space 295936K, 0% used [0x00000000d5580000,0x00000000d5580000,0x00000000e7680000)
  from space 50176K, 99% used [0x00000000eb080000,0x00000000ee178db8,0x00000000ee180000)
  to   space 57856K, 0% used [0x00000000e7680000,0x00000000e7680000,0x00000000eaf00000)
 ParOldGen       total 291840K, used 91355K [0x0000000080000000, 0x0000000091d00000, 0x00000000d5580000)
  object space 291840K, 31% used [0x0000000080000000,0x0000000085936c98,0x0000000091d00000)
 Metaspace       used 149661K, capacity 156581K, committed 156800K, reserved 1185792K
  class space    used 18729K, capacity 19976K, committed 20096K, reserved 1048576K
}
Event: 12360.656 GC heap before
{Heap before GC invocations=35 (full 4):
 PSYoungGen      total 346112K, used 346083K [0x00000000d5580000, 0x00000000ee780000, 0x0000000100000000)
  eden space 295936K, 100% used [0x00000000d5580000,0x00000000e7680000,0x00000000e7680000)
  from space 50176K, 99% used [0x00000000eb080000,0x00000000ee178db8,0x00000000ee180000)
  to   space 57856K, 0% used [0x00000000e7680000,0x00000000e7680000,0x00000000eaf00000)
 ParOldGen       total 291840K, used 91355K [0x0000000080000000, 0x0000000091d00000, 0x00000000d5580000)
  object space 291840K, 31% used [0x0000000080000000,0x0000000085936c98,0x0000000091d00000)
 Metaspace       used 149853K, capacity 156827K, committed 157056K, reserved 1185792K
  class space    used 18744K, capacity 20017K, committed 20096K, reserved 1048576K
Event: 12360.716 GC heap after
Heap after GC invocations=35 (full 4):
 PSYoungGen      total 340992K, used 53410K [0x00000000d5580000, 0x00000000eec00000, 0x0000000100000000)
  eden space 287232K, 0% used [0x00000000d5580000,0x00000000d5580000,0x00000000e6e00000)
  from space 53760K, 99% used [0x00000000e7680000,0x00000000eaaa8920,0x00000000eab00000)
  to   space 64512K, 0% used [0x00000000ead00000,0x00000000ead00000,0x00000000eec00000)
 ParOldGen       total 291840K, used 94281K [0x0000000080000000, 0x0000000091d00000, 0x00000000d5580000)
  object space 291840K, 32% used [0x0000000080000000,0x0000000085c12738,0x0000000091d00000)
 Metaspace       used 149853K, capacity 156827K, committed 157056K, reserved 1185792K
  class space    used 18744K, capacity 20017K, committed 20096K, reserved 1048576K
}

